#
# A fatal error has been detected by the Java Runtime Environment:
#
#  EXCEPTION_ACCESS_VIOLATION (0xc0000005) at pc=0x0000000002cc2ac0, pid=952, tid=5344
#
# JRE version: Java(TM) SE Runtime Environment (8.0_66-b17) (build 1.8.0_66-b17)
# Java VM: Java HotSpot(TM) 64-Bit Server VM (25.66-b17 mixed mode windows-amd64 compressed oops)
# Problematic frame:
# J 1047 C2 com.android.dx.rop.code.BasicBlockList.labelToBlock(I)Lcom/android/dx/rop/code/BasicBlock; (46 bytes) @ 0x0000000002cc2ac0 [0x0000000002cc2aa0+0x20]
#
# Failed to write core dump. Minidumps are not enabled by default on client versions of Windows
#
# If you would like to submit a bug report, please visit:
#   http://bugreport.java.com/bugreport/crash.jsp
#

---------------  T H R E A D  ---------------

Current thread (0x00000000023fe800):  JavaThread "main" [_thread_in_Java, id=5344, stack(0x0000000002420000,0x0000000002520000)]

siginfo: ExceptionCode=0xc0000005, reading address 0x00000000c5894498

Registers:
RAX=0x00000000f1c788c0, RBX=0x0000000000000005, RCX=0x00000000145e1790, RDX=0x00000000c1894070
RSP=0x000000000251efd0, RBP=0x000000000251f3a8, RSI=0x0000000054c63ba8, RDI=0x0000000000000000
R8 =0x000000000000000d, R9 =0x0000000000791ef5, R10=0x00000000c5894488, R11=0x00000000c1894070
R12=0x0000000000000000, R13=0x0000000000000002, R14=0x000000001464c4d8, R15=0x00000000023fe800
RIP=0x0000000002cc2ac0, EFLAGS=0x0000000000010202

Top of Stack: (sp=0x000000000251efd0)
0x000000000251efd0:   00000000f23de908 0000000000000002
0x000000000251efe0:   00000000f23de8f0 0000000000000002
0x000000000251eff0:   00000000f23dea08 00000000c12795b0
0x000000000251f000:   000000000251f3a8 000000000317fbf4
0x000000000251f010:   000000000251f3a8 000000000313c58c
0x000000000251f020:   00000000f23de718 0000000000000015
0x000000000251f030:   000000000251f3a8 00000000031627d4
0x000000000251f040:   00000000c187b818 0000000200000000
0x000000000251f050:   00000000f23de8d0 00000000c187b818
0x000000000251f060:   0000000000000000 00000000c1893a88
0x000000000251f070:   00000000ffffffff 000000000314cfa4
0x000000000251f080:   000000000251f3a8 00000000c187e8c0
0x000000000251f090:   000000000251f3a8 00000000f23de8d0
0x000000000251f0a0:   0000000000000005 00000000c18946f0
0x000000000251f0b0:   00000000c1894070 00000000c1894718
0x000000000251f0c0:   00000000f23dea50 0000000000000000 

Instructions: (pc=0x0000000002cc2ac0)
0x0000000002cc2aa0:   44 8b 52 08 49 3b c2 0f 85 b3 34 c1 ff 66 66 90
0x0000000002cc2ab0:   89 84 24 00 a0 ff ff 55 48 83 ec 30 44 8b 52 14
0x0000000002cc2ac0:   45 8b 4a 10 45 3b c1 7d 6c 41 8b 6a 18 44 8b 5d
0x0000000002cc2ad0:   0c 45 3b c3 73 37 46 8b 4c 85 10 45 85 c9 7c 75 


Register to memory mapping:

RAX=0x00000000f1c788c0 is an oop
com.android.dx.dex.code.CatchHandlerList 
 - klass: 'com/android/dx/dex/code/CatchHandlerList'
RBX=0x0000000000000005 is an unknown value
RCX=0x00000000145e1790 is pointing into metadata
RDX=0x00000000c1894070 is an oop
com.android.dx.rop.code.BasicBlockList 
 - klass: 'com/android/dx/rop/code/BasicBlockList'
RSP=0x000000000251efd0 is pointing into the stack for thread: 0x00000000023fe800
RBP=0x000000000251f3a8 is pointing into the stack for thread: 0x00000000023fe800
RSI=0x0000000054c63ba8 is pointing into metadata
RDI=0x0000000000000000 is an unknown value
R8 =0x000000000000000d is an unknown value
R9 =0x0000000000791ef5 is an unknown value
R10=0x00000000c5894488 is an unallocated location in the heap
R11=0x00000000c1894070 is an oop
com.android.dx.rop.code.BasicBlockList 
 - klass: 'com/android/dx/rop/code/BasicBlockList'
R12=0x0000000000000000 is an unknown value
R13=0x0000000000000002 is an unknown value
R14=0x000000001464c4d8 is pointing into metadata
R15=0x00000000023fe800 is a thread


Stack: [0x0000000002420000,0x0000000002520000],  sp=0x000000000251efd0,  free space=1019k
Native frames: (J=compiled Java code, j=interpreted, Vv=VM code, C=native code)
C  0x0000000002cc2ac0


---------------  P R O C E S S  ---------------

Java Threads: ( => current thread )
  0x0000000054f73800 JavaThread "Service Thread" daemon [_thread_blocked, id=6140, stack(0x0000000056000000,0x0000000056100000)]
  0x0000000054f70800 JavaThread "C1 CompilerThread1" daemon [_thread_blocked, id=3652, stack(0x00000000562e0000,0x00000000563e0000)]
  0x0000000054f6c000 JavaThread "C2 CompilerThread0" daemon [_thread_in_native, id=5192, stack(0x0000000056130000,0x0000000056230000)]
  0x0000000054f69000 JavaThread "Attach Listener" daemon [_thread_blocked, id=5908, stack(0x0000000055ea0000,0x0000000055fa0000)]
  0x0000000054f67800 JavaThread "Signal Dispatcher" daemon [_thread_blocked, id=4168, stack(0x0000000055d90000,0x0000000055e90000)]
  0x0000000054f0c800 JavaThread "Finalizer" daemon [_thread_blocked, id=5692, stack(0x0000000055c00000,0x0000000055d00000)]
  0x0000000054f05800 JavaThread "Reference Handler" daemon [_thread_blocked, id=3332, stack(0x0000000055870000,0x0000000055970000)]
=>0x00000000023fe800 JavaThread "main" [_thread_in_Java, id=5344, stack(0x0000000002420000,0x0000000002520000)]

Other Threads:
  0x0000000054efd800 VMThread [stack: 0x0000000055a20000,0x0000000055b20000] [id=5936]
  0x00000000563f8000 WatcherThread [stack: 0x00000000569c0000,0x0000000056ac0000] [id=3612]

VM state:synchronizing (normal execution)

VM Mutex/Monitor currently owned by a thread:  ([mutex/lock_event])
[0x00000000023fcf60] Safepoint_lock - owner thread: 0x0000000054efd800
[0x00000000023fcfe0] Threads_lock - owner thread: 0x0000000054efd800

Heap:
 PSYoungGen      total 142336K, used 136592K [0x00000000eab00000, 0x00000000fa180000, 0x0000000100000000)
  eden space 124928K, 100% used [0x00000000eab00000,0x00000000f2500000,0x00000000f2500000)
  from space 17408K, 67% used [0x00000000f2500000,0x00000000f3064120,0x00000000f3600000)
  to   space 26112K, 0% used [0x00000000f8800000,0x00000000f8800000,0x00000000fa180000)
 ParOldGen       total 80384K, used 43955K [0x00000000c0000000, 0x00000000c4e80000, 0x00000000eab00000)
  object space 80384K, 54% used [0x00000000c0000000,0x00000000c2aecc50,0x00000000c4e80000)
 Metaspace       used 6497K, capacity 7408K, committed 7552K, reserved 1056768K
  class space    used 602K, capacity 616K, committed 640K, reserved 1048576K

Card table byte_map: [0x0000000011c50000,0x0000000011e60000] byte_map_base: 0x0000000011650000

Marking Bits: (ParMarkBitMap*) 0x000000006ddda5b0
 Begin Bits: [0x00000000123d0000, 0x00000000133d0000)
 End Bits:   [0x00000000133d0000, 0x00000000143d0000)

Polling page: 0x0000000000230000

CodeCache: size=245760Kb used=9253Kb max_used=9253Kb free=236506Kb
 bounds [0x0000000002890000, 0x00000000031a0000, 0x0000000011890000]
 total_blobs=2518 nmethods=2254 adapters=178
 compilation: enabled

Compilation events (10 events):
Event: 9.909 Thread 0x0000000054f70800 2356       2       com.android.dx.dex.code.DalvInsn::expandedVersion (20 bytes)
Event: 9.909 Thread 0x0000000054f70800 nmethod 2356 0x000000000319c550 code [0x000000000319c6c0, 0x000000000319c878]
Event: 9.912 Thread 0x0000000054f70800 2357       2       com.android.dx.dex.code.form.Form3rc::isCompatible (113 bytes)
Event: 9.913 Thread 0x0000000054f70800 nmethod 2357 0x000000000319c990 code [0x000000000319cb60, 0x000000000319d078]
Event: 9.915 Thread 0x0000000054f70800 2358       2       com.android.dx.rop.code.RegisterSpecList::subset (85 bytes)
Event: 9.915 Thread 0x0000000054f70800 nmethod 2358 0x000000000319d590 code [0x000000000319d780, 0x000000000319dec8]
Event: 9.916 Thread 0x0000000054f70800 2359       2       com.android.dx.dex.code.HighRegisterPrefix::calculateInsnsIfNecessary (73 bytes)
Event: 9.916 Thread 0x0000000054f70800 nmethod 2359 0x000000000319e750 code [0x000000000319e920, 0x000000000319edd8]
Event: 9.916 Thread 0x0000000054f70800 2360       2       com.android.dx.dex.code.form.Form20t::branchFits (22 bytes)
Event: 9.917 Thread 0x0000000054f70800 nmethod 2360 0x000000000319f290 code [0x000000000319f420, 0x000000000319f718]

GC Heap History (10 events):
Event: 3.967 GC heap before
{Heap before GC invocations=6 (full 0):
 PSYoungGen      total 35328K, used 35328K [0x00000000eab00000, 0x00000000ef900000, 0x0000000100000000)
  eden space 32768K, 100% used [0x00000000eab00000,0x00000000ecb00000,0x00000000ecb00000)
  from space 2560K, 100% used [0x00000000ecb00000,0x00000000ecd80000,0x00000000ecd80000)
  to   space 7168K, 0% used [0x00000000ef200000,0x00000000ef200000,0x00000000ef900000)
 ParOldGen       total 44032K, used 13439K [0x00000000c0000000, 0x00000000c2b00000, 0x00000000eab00000)
  object space 44032K, 30% used [0x00000000c0000000,0x00000000c0d1fc10,0x00000000c2b00000)
 Metaspace       used 6049K, capacity 7088K, committed 7296K, reserved 1056768K
  class space    used 584K, capacity 616K, committed 640K, reserved 1048576K
Event: 3.984 GC heap after
Heap after GC invocations=6 (full 0):
 PSYoungGen      total 71680K, used 7161K [0x00000000eab00000, 0x00000000efb00000, 0x0000000100000000)
  eden space 64512K, 0% used [0x00000000eab00000,0x00000000eab00000,0x00000000eea00000)
  from space 7168K, 99% used [0x00000000ef200000,0x00000000ef8fe678,0x00000000ef900000)
  to   space 8192K, 0% used [0x00000000eea00000,0x00000000eea00000,0x00000000ef200000)
 ParOldGen       total 44032K, used 13584K [0x00000000c0000000, 0x00000000c2b00000, 0x00000000eab00000)
  object space 44032K, 30% used [0x00000000c0000000,0x00000000c0d440a0,0x00000000c2b00000)
 Metaspace       used 6049K, capacity 7088K, committed 7296K, reserved 1056768K
  class space    used 584K, capacity 616K, committed 640K, reserved 1048576K
}
Event: 5.002 GC heap before
{Heap before GC invocations=7 (full 0):
 PSYoungGen      total 71680K, used 71673K [0x00000000eab00000, 0x00000000efb00000, 0x0000000100000000)
  eden space 64512K, 100% used [0x00000000eab00000,0x00000000eea00000,0x00000000eea00000)
  from space 7168K, 99% used [0x00000000ef200000,0x00000000ef8fe678,0x00000000ef900000)
  to   space 8192K, 0% used [0x00000000eea00000,0x00000000eea00000,0x00000000ef200000)
 ParOldGen       total 44032K, used 13584K [0x00000000c0000000, 0x00000000c2b00000, 0x00000000eab00000)
  object space 44032K, 30% used [0x00000000c0000000,0x00000000c0d440a0,0x00000000c2b00000)
 Metaspace       used 6085K, capacity 7152K, committed 7296K, reserved 1056768K
  class space    used 584K, capacity 616K, committed 640K, reserved 1048576K
Event: 5.043 GC heap after
Heap after GC invocations=7 (full 0):
 PSYoungGen      total 72704K, used 8170K [0x00000000eab00000, 0x00000000f4300000, 0x0000000100000000)
  eden space 64512K, 0% used [0x00000000eab00000,0x00000000eab00000,0x00000000eea00000)
  from space 8192K, 99% used [0x00000000eea00000,0x00000000ef1fa970,0x00000000ef200000)
  to   space 13312K, 0% used [0x00000000f3600000,0x00000000f3600000,0x00000000f4300000)
 ParOldGen       total 44032K, used 21956K [0x00000000c0000000, 0x00000000c2b00000, 0x00000000eab00000)
  object space 44032K, 49% used [0x00000000c0000000,0x00000000c1571108,0x00000000c2b00000)
 Metaspace       used 6085K, capacity 7152K, committed 7296K, reserved 1056768K
  class space    used 584K, capacity 616K, committed 640K, reserved 1048576K
}
Event: 5.711 GC heap before
{Heap before GC invocations=8 (full 0):
 PSYoungGen      total 72704K, used 72682K [0x00000000eab00000, 0x00000000f4300000, 0x0000000100000000)
  eden space 64512K, 100% used [0x00000000eab00000,0x00000000eea00000,0x00000000eea00000)
  from space 8192K, 99% used [0x00000000eea00000,0x00000000ef1fa970,0x00000000ef200000)
  to   space 13312K, 0% used [0x00000000f3600000,0x00000000f3600000,0x00000000f4300000)
 ParOldGen       total 44032K, used 21956K [0x00000000c0000000, 0x00000000c2b00000, 0x00000000eab00000)
  object space 44032K, 49% used [0x00000000c0000000,0x00000000c1571108,0x00000000c2b00000)
 Metaspace       used 6108K, capacity 7152K, committed 7296K, reserved 1056768K
  class space    used 584K, capacity 616K, committed 640K, reserved 1048576K
Event: 5.842 GC heap after
Heap after GC invocations=8 (full 0):
 PSYoungGen      total 138240K, used 13284K [0x00000000eab00000, 0x00000000f4b00000, 0x0000000100000000)
  eden space 124928K, 0% used [0x00000000eab00000,0x00000000eab00000,0x00000000f2500000)
  from space 13312K, 99% used [0x00000000f3600000,0x00000000f42f93f8,0x00000000f4300000)
  to   space 17408K, 0% used [0x00000000f2500000,0x00000000f2500000,0x00000000f3600000)
 ParOldGen       total 44032K, used 26567K [0x00000000c0000000, 0x00000000c2b00000, 0x00000000eab00000)
  object space 44032K, 60% used [0x00000000c0000000,0x00000000c19f1c68,0x00000000c2b00000)
 Metaspace       used 6108K, capacity 7152K, committed 7296K, reserved 1056768K
  class space    used 584K, capacity 616K, committed 640K, reserved 1048576K
}
Event: 8.419 GC heap before
{Heap before GC invocations=9 (full 0):
 PSYoungGen      total 138240K, used 138212K [0x00000000eab00000, 0x00000000f4b00000, 0x0000000100000000)
  eden space 124928K, 100% used [0x00000000eab00000,0x00000000f2500000,0x00000000f2500000)
  from space 13312K, 99% used [0x00000000f3600000,0x00000000f42f93f8,0x00000000f4300000)
  to   space 17408K, 0% used [0x00000000f2500000,0x00000000f2500000,0x00000000f3600000)
 ParOldGen       total 44032K, used 26567K [0x00000000c0000000, 0x00000000c2b00000, 0x00000000eab00000)
  object space 44032K, 60% used [0x00000000c0000000,0x00000000c19f1c68,0x00000000c2b00000)
 Metaspace       used 6152K, capacity 7152K, committed 7296K, reserved 1056768K
  class space    used 584K, capacity 616K, committed 640K, reserved 1048576K
Event: 8.478 GC heap after
Heap after GC invocations=9 (full 0):
 PSYoungGen      total 142336K, used 17387K [0x00000000eab00000, 0x00000000fa180000, 0x0000000100000000)
  eden space 124928K, 0% used [0x00000000eab00000,0x00000000eab00000,0x00000000f2500000)
  from space 17408K, 99% used [0x00000000f2500000,0x00000000f35fada8,0x00000000f3600000)
  to   space 26112K, 0% used [0x00000000f8800000,0x00000000f8800000,0x00000000fa180000)
 ParOldGen       total 44032K, used 42096K [0x00000000c0000000, 0x00000000c2b00000, 0x00000000eab00000)
  object space 44032K, 95% used [0x00000000c0000000,0x00000000c291c198,0x00000000c2b00000)
 Metaspace       used 6152K, capacity 7152K, committed 7296K, reserved 1056768K
  class space    used 584K, capacity 616K, committed 640K, reserved 1048576K
}
Event: 8.478 GC heap before
{Heap before GC invocations=10 (full 1):
 PSYoungGen      total 142336K, used 17387K [0x00000000eab00000, 0x00000000fa180000, 0x0000000100000000)
  eden space 124928K, 0% used [0x00000000eab00000,0x00000000eab00000,0x00000000f2500000)
  from space 17408K, 99% used [0x00000000f2500000,0x00000000f35fada8,0x00000000f3600000)
  to   space 26112K, 0% used [0x00000000f8800000,0x00000000f8800000,0x00000000fa180000)
 ParOldGen       total 44032K, used 42096K [0x00000000c0000000, 0x00000000c2b00000, 0x00000000eab00000)
  object space 44032K, 95% used [0x00000000c0000000,0x00000000c291c198,0x00000000c2b00000)
 Metaspace       used 6152K, capacity 7152K, committed 7296K, reserved 1056768K
  class space    used 584K, capacity 616K, committed 640K, reserved 1048576K
Event: 9.001 GC heap after
Heap after GC invocations=10 (full 1):
 PSYoungGen      total 142336K, used 11664K [0x00000000eab00000, 0x00000000fa180000, 0x0000000100000000)
  eden space 124928K, 0% used [0x00000000eab00000,0x00000000eab00000,0x00000000f2500000)
  from space 17408K, 67% used [0x00000000f2500000,0x00000000f3064120,0x00000000f3600000)
  to   space 26112K, 0% used [0x00000000f8800000,0x00000000f8800000,0x00000000fa180000)
 ParOldGen       total 80384K, used 43955K [0x00000000c0000000, 0x00000000c4e80000, 0x00000000eab00000)
  object space 80384K, 54% used [0x00000000c0000000,0x00000000c2aecc50,0x00000000c4e80000)
 Metaspace       used 6152K, capacity 7152K, committed 7296K, reserved 1056768K
  class space    used 584K, capacity 616K, committed 640K, reserved 1048576K
}

Deoptimization events (10 events):
Event: 6.445 Thread 0x00000000023fe800 Uncommon trap: reason=bimorphic action=maybe_recompile pc=0x0000000002fad3b0 method=com.android.dx.rop.code.RegisterSpec.withSimpleType()Lcom/android/dx/rop/code/RegisterSpec; @ 21
Event: 8.407 Thread 0x00000000023fe800 Uncommon trap: reason=unstable_if action=reinterpret pc=0x0000000002ec21d0 method=com.android.dx.ssa.SCCP.simulateBranch(Lcom/android/dx/ssa/SsaInsn;)V @ 548
Event: 8.407 Thread 0x00000000023fe800 Uncommon trap: reason=unstable_if action=reinterpret pc=0x0000000002eca7ec method=com.android.dx.ssa.SCCP.simulateStmt(Lcom/android/dx/ssa/SsaInsn;)V @ 435
Event: 9.153 Thread 0x00000000023fe800 Uncommon trap: reason=unstable_if action=reinterpret pc=0x000000000308752c method=com.android.dx.dex.code.RopTranslator.pickOrder()V @ 279
Event: 9.266 Thread 0x00000000023fe800 Uncommon trap: reason=unstable_if action=reinterpret pc=0x0000000002ffd648 method=com.android.dx.rop.code.LocalItem.compareHandlesNulls(Lcom/android/dx/rop/cst/CstString;Lcom/android/dx/rop/cst/CstString;)I @ 14
Event: 9.472 Thread 0x00000000023fe800 Uncommon trap: reason=class_check action=maybe_recompile pc=0x0000000002d4aab8 method=java.util.Arrays.hashCode([Ljava/lang/Object;)I @ 43
Event: 9.472 Thread 0x00000000023fe800 Uncommon trap: reason=class_check action=maybe_recompile pc=0x0000000002d4aab8 method=java.util.Arrays.hashCode([Ljava/lang/Object;)I @ 43
Event: 9.472 Thread 0x00000000023fe800 Uncommon trap: reason=class_check action=maybe_recompile pc=0x0000000002d4aab8 method=java.util.Arrays.hashCode([Ljava/lang/Object;)I @ 43
Event: 9.473 Thread 0x00000000023fe800 Uncommon trap: reason=class_check action=maybe_recompile pc=0x0000000002d4aab8 method=java.util.Arrays.hashCode([Ljava/lang/Object;)I @ 43
Event: 9.701 Thread 0x00000000023fe800 Uncommon trap: reason=unstable_if action=reinterpret pc=0x0000000002ee264c method=java.util.TreeMap.put(Ljava/lang/Object;Ljava/lang/Object;)Ljava/lang/Object; @ 163

Internal exceptions (7 events):
Event: 0.041 Thread 0x00000000023fe800 Exception <a 'java/lang/NoSuchMethodError': Method sun.misc.Unsafe.defineClass(Ljava/lang/String;[BII)Ljava/lang/Class; name or signature does not match> (0x00000000eab0dd20) thrown at [C:\re\workspace\8-2-build-windows-amd64-cygwin\jdk8u66\4988\hotspot\srÈ×Ó,¥?
Event: 0.041 Thread 0x00000000023fe800 Exception <a 'java/lang/NoSuchMethodError': Method sun.misc.Unsafe.prefetchRead(Ljava/lang/Object;J)V name or signature does not match> (0x00000000eab0e008) thrown at [C:\re\workspace\8-2-build-windows-amd64-cygwin\jdk8u66\4988\hotspot\src\share\vm\prims\j5ÜåuÝ¬û?
Event: 1.730 Thread 0x00000000023fe800 Implicit null exception at 0x0000000002b843df to 0x0000000002b85b69
Event: 2.878 Thread 0x00000000023fe800 Exception <a 'java/lang/ArrayIndexOutOfBoundsException': 18> (0x00000000eb783c48) thrown at [C:\re\workspace\8-2-build-windows-amd64-cygwin\jdk8u66\4988\hotspot\src\share\vm\interpreter\interpreterRuntime.cpp, line 366]
Event: 2.878 Thread 0x00000000023fe800 Exception <a 'java/lang/ArrayIndexOutOfBoundsException'> (0x00000000eb7857c8) thrown at [C:\re\workspace\8-2-build-windows-amd64-cygwin\jdk8u66\4988\hotspot\src\share\vm\runtime\sharedRuntime.cpp, line 605]
Event: 2.879 Thread 0x00000000023fe800 Exception <a 'java/lang/ArrayIndexOutOfBoundsException'> (0x00000000eb786ab0) thrown at [C:\re\workspace\8-2-build-windows-amd64-cygwin\jdk8u66\4988\hotspot\src\share\vm\runtime\sharedRuntime.cpp, line 605]
Event: 9.266 Thread 0x00000000023fe800 Implicit null exception at 0x0000000002ffc43b to 0x0000000002ffd615

Events (10 events):
Event: 9.760 Thread 0x00000000023fe800 DEOPT PACKING pc=0x00000000031272f1 sp=0x000000000251f070
Event: 9.760 Thread 0x00000000023fe800 DEOPT UNPACKING pc=0x00000000028d747f sp=0x000000000251edf8 mode 0
Event: 9.809 Thread 0x00000000023fe800 DEOPT PACKING pc=0x0000000003136fb9 sp=0x000000000251f010
Event: 9.809 Thread 0x00000000023fe800 DEOPT UNPACKING pc=0x00000000028d747f sp=0x000000000251ee18 mode 0
Event: 9.811 Thread 0x00000000023fe800 DEOPT PACKING pc=0x000000000311f9c0 sp=0x000000000251ef60
Event: 9.811 Thread 0x00000000023fe800 DEOPT UNPACKING pc=0x00000000028d747f sp=0x000000000251ec88 mode 0
Event: 9.819 Thread 0x00000000023fe800 DEOPT PACKING pc=0x000000000313215a sp=0x000000000251eef0
Event: 9.819 Thread 0x00000000023fe800 DEOPT UNPACKING pc=0x00000000028d747f sp=0x000000000251ec70 mode 0
Event: 9.907 Thread 0x00000000023fe800 DEOPT PACKING pc=0x0000000003132dfc sp=0x000000000251ee40
Event: 9.907 Thread 0x00000000023fe800 DEOPT UNPACKING pc=0x00000000028d747f sp=0x000000000251eb88 mode 0


Dynamic libraries:
0x000000013f960000 - 0x000000013f997000 	C:\Program Files\Java\jdk1.8.0_66\bin\java.exe
0x0000000076ea0000 - 0x0000000077049000 	C:\Windows\SYSTEM32\ntdll.dll
0x0000000076d80000 - 0x0000000076e9f000 	C:\Windows\system32\kernel32.dll
0x000007fefd090000 - 0x000007fefd0fb000 	C:\Windows\system32\KERNELBASE.dll
0x000007fefd3a0000 - 0x000007fefd47b000 	C:\Windows\system32\ADVAPI32.dll
0x000007feff110000 - 0x000007feff1af000 	C:\Windows\system32\msvcrt.dll
0x000007fefd480000 - 0x000007fefd49f000 	C:\Windows\SYSTEM32\sechost.dll
0x000007fefe930000 - 0x000007fefea5d000 	C:\Windows\system32\RPCRT4.dll
0x0000000076c80000 - 0x0000000076d7a000 	C:\Windows\system32\USER32.dll
0x000007fefecc0000 - 0x000007fefed27000 	C:\Windows\system32\GDI32.dll
0x000007fefd860000 - 0x000007fefd86e000 	C:\Windows\system32\LPK.dll
0x000007fefe850000 - 0x000007fefe919000 	C:\Windows\system32\USP10.dll
0x000007fefb750000 - 0x000007fefb944000 	C:\Windows\WinSxS\amd64_microsoft.windows.common-controls_6595b64144ccf1df_6.0.7601.17514_none_fa396087175ac9ac\COMCTL32.dll
0x000007fefd4a0000 - 0x000007fefd511000 	C:\Windows\system32\SHLWAPI.dll
0x000007fefefb0000 - 0x000007fefefde000 	C:\Windows\system32\IMM32.DLL
0x000007feff000000 - 0x000007feff109000 	C:\Windows\system32\MSCTF.dll
0x000000006ed90000 - 0x000000006ee62000 	C:\Program Files\Java\jdk1.8.0_66\jre\bin\msvcr100.dll
0x000000006d5d0000 - 0x000000006de59000 	C:\Program Files\Java\jdk1.8.0_66\jre\bin\server\jvm.dll
0x000007fef1dc0000 - 0x000007fef1dc9000 	C:\Windows\system32\WSOCK32.dll
0x000007fefe6a0000 - 0x000007fefe6ed000 	C:\Windows\system32\WS2_32.dll
0x000007fefe920000 - 0x000007fefe928000 	C:\Windows\system32\NSI.dll
0x000007fef97f0000 - 0x000007fef982b000 	C:\Windows\system32\WINMM.dll
0x000007fefbf00000 - 0x000007fefbf0c000 	C:\Windows\system32\VERSION.dll
0x0000000077060000 - 0x0000000077067000 	C:\Windows\system32\PSAPI.DLL
0x00000000737e0000 - 0x00000000737ef000 	C:\Program Files\Java\jdk1.8.0_66\jre\bin\verify.dll
0x0000000070e00000 - 0x0000000070e29000 	C:\Program Files\Java\jdk1.8.0_66\jre\bin\java.dll
0x0000000070d30000 - 0x0000000070d46000 	C:\Program Files\Java\jdk1.8.0_66\jre\bin\zip.dll
0x000007fefd910000 - 0x000007fefe698000 	C:\Windows\system32\SHELL32.dll
0x000007fefd520000 - 0x000007fefd723000 	C:\Windows\system32\ole32.dll
0x000007fefcdf0000 - 0x000007fefcdff000 	C:\Windows\system32\profapi.dll
0x000007fef2530000 - 0x000007fef2655000 	C:\Windows\system32\dbghelp.dll

VM Arguments:
jvm_args: -Djava.awt.headless=true -Xmx1024M -Dfile.encoding=windows-1252 -Duser.country=US -Duser.language=en -Duser.variant 
java_command: com.android.dx.command.Main --dex --force-jumbo --multi-dex --output C:\Users\use\AndroidStudioProjects\SmartCast\app\build\intermediates\transforms\dex\debug\folders\1000\10\com.android.support-support-v4-23.2.1_1f0c0a871438fae5a1a7ec575c4c07fcd6f759be C:\Users\use\AndroidStudioProjects\SmartCast\app\build\intermediates\exploded-aar\com.android.support\support-v4\23.2.1\jars\classes.jar
java_class_path (initial): C:\Users\use\AppData\Local\Android\sdk\build-tools\22.0.1\lib\dx.jar
Launcher Type: SUN_STANDARD

Environment Variables:
PATH=C:\ProgramData\Oracle\Java\javapath;C:\Program Files\Common Files\Microsoft Shared\Windows Live;C:\Program Files (x86)\Common Files\Microsoft Shared\Windows Live;C:\Program Files (x86)\NVIDIA Corporation\PhysX\Common;C:\Program Files (x86)\AMD APP\bin\x86_64;C:\Program Files (x86)\AMD APP\bin\x86;C:\Program Files (x86)\Intel\iCLS Client\;C:\Program Files\Intel\iCLS Client\;C:\Windows\system32;C:\Windows;C:\Windows\System32\Wbem;C:\Windows\System32\WindowsPowerShell\v1.0\;C:\Program Files\Intel\Intel(R) Management Engine Components\DAL;C:\Program Files\Intel\Intel(R) Management Engine Components\IPT;C:\Program Files (x86)\Intel\Intel(R) Management Engine Components\DAL;C:\Program Files (x86)\Intel\Intel(R) Management Engine Components\IPT;C:\Program Files (x86)\ATI Technologies\ATI.ACE\Core-Static;C:\Windows\SysWOW64;C:\Program Files (x86)\GtkSharp\2.12\bin;C:\Program Files (x86)\Microsoft SQL Server\100\Tools\Binn\;C:\Program Files\Microsoft SQL Server\100\Tools\Binn\;C:\Program Files\Microsoft SQL Server\100\DTS\Binn\;C:\Program Files\Microsoft SQL Server\110\Tools\Binn\;C:\Program Files (x86)\File Viewer Lite\lib\magick;C:\Program Files\Microsoft SQL Server\120\Tools\Binn\;C:\Program Files (x86)\Windows Kits\8.1\Windows Performance Toolkit\;C:\Program Files (x86)\Microsoft SDKs\TypeScript\1.0\;C:\Program Files (x86)\Windows Live\Shared;C:\Program Files (x86)\AMD\ATI.ACE\Core-Static;C:\Program Files (x86)\Brackets\command;C:\Program Files\TortoiseGit\bin;C:\Program Files\Java\jdk1.8.0_66\bin;C:\Users\use\AppData\Local\Android\sdk\platform-tools
USERNAME=use
OS=Windows_NT
PROCESSOR_IDENTIFIER=Intel64 Family 6 Model 58 Stepping 9, GenuineIntel



---------------  S Y S T E M  ---------------

OS: Windows 7 , 64 bit Build 7601 (6.1.7601.18229)

CPU:total 2 (2 cores per cpu, 1 threads per core) family 6 model 58 stepping 9, cmov, cx8, fxsr, mmx, sse, sse2, sse3, ssse3, sse4.1, sse4.2, popcnt, clmul, erms, tsc, tscinvbit, tscinv

Memory: 4k page, physical 4158652k(759392k free), swap 8315444k(3458244k free)

vm_info: Java HotSpot(TM) 64-Bit Server VM (25.66-b17) for windows-amd64 JRE (1.8.0_66-b17), built on Oct  6 2015 18:55:33 by "java_re" with MS VC++ 10.0 (VS2010)

time: Wed May 18 21:47:56 2016
elapsed time: 10 seconds (0d 0h 0m 10s)

